[0.265s] DEBUG:colcon:Command line arguments: ['/usr/bin/colcon', 'build']
[0.266s] DEBUG:colcon:Parsed command line arguments: Namespace(log_base=None, log_level=None, verb_name='build', build_base='build', install_base='install', merge_install=False, symlink_install=False, test_result_base=None, continue_on_error=False, executor='parallel', parallel_workers=4, event_handlers=None, ignore_user_meta=False, metas=['./colcon.meta'], base_paths=['.'], packages_ignore=None, packages_ignore_regex=None, paths=None, packages_up_to=None, packages_up_to_regex=None, packages_above=None, packages_above_and_dependencies=None, packages_above_depth=None, packages_select_by_dep=None, packages_skip_by_dep=None, packages_skip_up_to=None, packages_select_build_failed=False, packages_skip_build_finished=False, packages_select_test_failures=False, packages_skip_test_passed=False, packages_select=None, packages_skip=None, packages_select_regex=None, packages_skip_regex=None, packages_start=None, packages_end=None, allow_overriding=[], cmake_args=None, cmake_target=None, cmake_target_skip_unavailable=False, cmake_clean_cache=False, cmake_clean_first=False, cmake_force_configure=False, ament_cmake_args=None, catkin_cmake_args=None, catkin_skip_building_tests=False, mixin_files=None, mixin=None, verb_parser=<colcon_mixin.mixin.mixin_argument.MixinArgumentDecorator object at 0xffff9db02200>, verb_extension=<colcon_core.verb.build.BuildVerb object at 0xffff9dc131c0>, main=<bound method BuildVerb.main of <colcon_core.verb.build.BuildVerb object at 0xffff9dc131c0>>, mixin_verb=('build',))
[0.580s] Level 1:colcon.colcon_core.package_discovery:discover_packages(colcon_meta) check parameters
[0.580s] Level 1:colcon.colcon_core.package_discovery:discover_packages(recursive) check parameters
[0.580s] Level 1:colcon.colcon_core.package_discovery:discover_packages(ignore) check parameters
[0.580s] Level 1:colcon.colcon_core.package_discovery:discover_packages(path) check parameters
[0.580s] Level 1:colcon.colcon_core.package_discovery:discover_packages(colcon_meta) discover
[0.580s] Level 1:colcon.colcon_core.package_discovery:discover_packages(recursive) discover
[0.580s] INFO:colcon.colcon_core.package_discovery:Crawling recursively for packages in '/home/vicenzo/Documents/ros_px4_ws'
[0.580s] Level 1:colcon.colcon_core.package_identification:_identify(.) by extensions ['ignore', 'ignore_ament_install']
[0.580s] Level 1:colcon.colcon_core.package_identification:_identify(.) by extension 'ignore'
[0.580s] Level 1:colcon.colcon_core.package_identification:_identify(.) by extension 'ignore_ament_install'
[0.581s] Level 1:colcon.colcon_core.package_identification:_identify(.) by extensions ['colcon_pkg']
[0.581s] Level 1:colcon.colcon_core.package_identification:_identify(.) by extension 'colcon_pkg'
[0.581s] Level 1:colcon.colcon_core.package_identification:_identify(.) by extensions ['colcon_meta']
[0.581s] Level 1:colcon.colcon_core.package_identification:_identify(.) by extension 'colcon_meta'
[0.581s] Level 1:colcon.colcon_core.package_identification:_identify(.) by extensions ['ros']
[0.581s] Level 1:colcon.colcon_core.package_identification:_identify(.) by extension 'ros'
[0.595s] Level 1:colcon.colcon_core.package_identification:_identify(.) by extensions ['cmake', 'python']
[0.595s] Level 1:colcon.colcon_core.package_identification:_identify(.) by extension 'cmake'
[0.595s] Level 1:colcon.colcon_core.package_identification:_identify(.) by extension 'python'
[0.595s] Level 1:colcon.colcon_core.package_identification:_identify(.) by extensions ['python_setup_py']
[0.595s] Level 1:colcon.colcon_core.package_identification:_identify(.) by extension 'python_setup_py'
[0.596s] Level 1:colcon.colcon_core.package_identification:_identify(build) by extensions ['ignore', 'ignore_ament_install']
[0.596s] Level 1:colcon.colcon_core.package_identification:_identify(build) by extension 'ignore'
[0.596s] Level 1:colcon.colcon_core.package_identification:_identify(build) ignored
[0.596s] Level 1:colcon.colcon_core.package_identification:_identify(install) by extensions ['ignore', 'ignore_ament_install']
[0.596s] Level 1:colcon.colcon_core.package_identification:_identify(install) by extension 'ignore'
[0.596s] Level 1:colcon.colcon_core.package_identification:_identify(install) ignored
[0.596s] Level 1:colcon.colcon_core.package_identification:_identify(log) by extensions ['ignore', 'ignore_ament_install']
[0.596s] Level 1:colcon.colcon_core.package_identification:_identify(log) by extension 'ignore'
[0.596s] Level 1:colcon.colcon_core.package_identification:_identify(log) ignored
[0.596s] Level 1:colcon.colcon_core.package_identification:_identify(src) by extensions ['ignore', 'ignore_ament_install']
[0.596s] Level 1:colcon.colcon_core.package_identification:_identify(src) by extension 'ignore'
[0.596s] Level 1:colcon.colcon_core.package_identification:_identify(src) by extension 'ignore_ament_install'
[0.596s] Level 1:colcon.colcon_core.package_identification:_identify(src) by extensions ['colcon_pkg']
[0.596s] Level 1:colcon.colcon_core.package_identification:_identify(src) by extension 'colcon_pkg'
[0.596s] Level 1:colcon.colcon_core.package_identification:_identify(src) by extensions ['colcon_meta']
[0.596s] Level 1:colcon.colcon_core.package_identification:_identify(src) by extension 'colcon_meta'
[0.596s] Level 1:colcon.colcon_core.package_identification:_identify(src) by extensions ['ros']
[0.596s] Level 1:colcon.colcon_core.package_identification:_identify(src) by extension 'ros'
[0.596s] Level 1:colcon.colcon_core.package_identification:_identify(src) by extensions ['cmake', 'python']
[0.596s] Level 1:colcon.colcon_core.package_identification:_identify(src) by extension 'cmake'
[0.596s] Level 1:colcon.colcon_core.package_identification:_identify(src) by extension 'python'
[0.596s] Level 1:colcon.colcon_core.package_identification:_identify(src) by extensions ['python_setup_py']
[0.597s] Level 1:colcon.colcon_core.package_identification:_identify(src) by extension 'python_setup_py'
[0.597s] Level 1:colcon.colcon_core.package_identification:_identify(src/px4_msgs) by extensions ['ignore', 'ignore_ament_install']
[0.597s] Level 1:colcon.colcon_core.package_identification:_identify(src/px4_msgs) by extension 'ignore'
[0.597s] Level 1:colcon.colcon_core.package_identification:_identify(src/px4_msgs) by extension 'ignore_ament_install'
[0.597s] Level 1:colcon.colcon_core.package_identification:_identify(src/px4_msgs) by extensions ['colcon_pkg']
[0.597s] Level 1:colcon.colcon_core.package_identification:_identify(src/px4_msgs) by extension 'colcon_pkg'
[0.597s] Level 1:colcon.colcon_core.package_identification:_identify(src/px4_msgs) by extensions ['colcon_meta']
[0.597s] Level 1:colcon.colcon_core.package_identification:_identify(src/px4_msgs) by extension 'colcon_meta'
[0.597s] Level 1:colcon.colcon_core.package_identification:_identify(src/px4_msgs) by extensions ['ros']
[0.597s] Level 1:colcon.colcon_core.package_identification:_identify(src/px4_msgs) by extension 'ros'
[0.600s] DEBUG:colcon.colcon_core.package_identification:Package 'src/px4_msgs' with type 'ros.ament_cmake' and name 'px4_msgs'
[0.600s] Level 1:colcon.colcon_core.package_identification:_identify(src/px4_ros_com) by extensions ['ignore', 'ignore_ament_install']
[0.601s] Level 1:colcon.colcon_core.package_identification:_identify(src/px4_ros_com) by extension 'ignore'
[0.601s] Level 1:colcon.colcon_core.package_identification:_identify(src/px4_ros_com) by extension 'ignore_ament_install'
[0.601s] Level 1:colcon.colcon_core.package_identification:_identify(src/px4_ros_com) by extensions ['colcon_pkg']
[0.601s] Level 1:colcon.colcon_core.package_identification:_identify(src/px4_ros_com) by extension 'colcon_pkg'
[0.601s] Level 1:colcon.colcon_core.package_identification:_identify(src/px4_ros_com) by extensions ['colcon_meta']
[0.601s] Level 1:colcon.colcon_core.package_identification:_identify(src/px4_ros_com) by extension 'colcon_meta'
[0.601s] Level 1:colcon.colcon_core.package_identification:_identify(src/px4_ros_com) by extensions ['ros']
[0.601s] Level 1:colcon.colcon_core.package_identification:_identify(src/px4_ros_com) by extension 'ros'
[0.602s] DEBUG:colcon.colcon_core.package_identification:Package 'src/px4_ros_com' with type 'ros.ament_cmake' and name 'px4_ros_com'
[0.602s] Level 1:colcon.colcon_core.package_discovery:discover_packages(recursive) using defaults
[0.602s] Level 1:colcon.colcon_core.package_discovery:discover_packages(ignore) discover
[0.602s] Level 1:colcon.colcon_core.package_discovery:discover_packages(ignore) using defaults
[0.602s] Level 1:colcon.colcon_core.package_discovery:discover_packages(path) discover
[0.602s] Level 1:colcon.colcon_core.package_discovery:discover_packages(path) using defaults
[0.642s] Level 1:colcon.colcon_core.package_discovery:discover_packages(prefix_path) check parameters
[0.642s] Level 1:colcon.colcon_core.package_discovery:discover_packages(prefix_path) discover
[0.645s] DEBUG:colcon.colcon_installed_package_information.package_discovery:Found 271 installed packages in /opt/ros/humble
[0.646s] Level 1:colcon.colcon_core.package_discovery:discover_packages(prefix_path) using defaults
[0.688s] Level 5:colcon.colcon_core.verb:set package 'px4_msgs' build argument 'cmake_args' from command line to 'None'
[0.688s] Level 5:colcon.colcon_core.verb:set package 'px4_msgs' build argument 'cmake_target' from command line to 'None'
[0.689s] Level 5:colcon.colcon_core.verb:set package 'px4_msgs' build argument 'cmake_target_skip_unavailable' from command line to 'False'
[0.689s] Level 5:colcon.colcon_core.verb:set package 'px4_msgs' build argument 'cmake_clean_cache' from command line to 'False'
[0.689s] Level 5:colcon.colcon_core.verb:set package 'px4_msgs' build argument 'cmake_clean_first' from command line to 'False'
[0.689s] Level 5:colcon.colcon_core.verb:set package 'px4_msgs' build argument 'cmake_force_configure' from command line to 'False'
[0.689s] Level 5:colcon.colcon_core.verb:set package 'px4_msgs' build argument 'ament_cmake_args' from command line to 'None'
[0.689s] Level 5:colcon.colcon_core.verb:set package 'px4_msgs' build argument 'catkin_cmake_args' from command line to 'None'
[0.689s] Level 5:colcon.colcon_core.verb:set package 'px4_msgs' build argument 'catkin_skip_building_tests' from command line to 'False'
[0.689s] DEBUG:colcon.colcon_core.verb:Building package 'px4_msgs' with the following arguments: {'ament_cmake_args': None, 'build_base': '/home/vicenzo/Documents/ros_px4_ws/build/px4_msgs', 'catkin_cmake_args': None, 'catkin_skip_building_tests': False, 'cmake_args': None, 'cmake_clean_cache': False, 'cmake_clean_first': False, 'cmake_force_configure': False, 'cmake_target': None, 'cmake_target_skip_unavailable': False, 'install_base': '/home/vicenzo/Documents/ros_px4_ws/install/px4_msgs', 'merge_install': False, 'path': '/home/vicenzo/Documents/ros_px4_ws/src/px4_msgs', 'symlink_install': False, 'test_result_base': None}
[0.689s] Level 5:colcon.colcon_core.verb:set package 'px4_ros_com' build argument 'cmake_args' from command line to 'None'
[0.689s] Level 5:colcon.colcon_core.verb:set package 'px4_ros_com' build argument 'cmake_target' from command line to 'None'
[0.689s] Level 5:colcon.colcon_core.verb:set package 'px4_ros_com' build argument 'cmake_target_skip_unavailable' from command line to 'False'
[0.689s] Level 5:colcon.colcon_core.verb:set package 'px4_ros_com' build argument 'cmake_clean_cache' from command line to 'False'
[0.689s] Level 5:colcon.colcon_core.verb:set package 'px4_ros_com' build argument 'cmake_clean_first' from command line to 'False'
[0.689s] Level 5:colcon.colcon_core.verb:set package 'px4_ros_com' build argument 'cmake_force_configure' from command line to 'False'
[0.689s] Level 5:colcon.colcon_core.verb:set package 'px4_ros_com' build argument 'ament_cmake_args' from command line to 'None'
[0.689s] Level 5:colcon.colcon_core.verb:set package 'px4_ros_com' build argument 'catkin_cmake_args' from command line to 'None'
[0.689s] Level 5:colcon.colcon_core.verb:set package 'px4_ros_com' build argument 'catkin_skip_building_tests' from command line to 'False'
[0.689s] DEBUG:colcon.colcon_core.verb:Building package 'px4_ros_com' with the following arguments: {'ament_cmake_args': None, 'build_base': '/home/vicenzo/Documents/ros_px4_ws/build/px4_ros_com', 'catkin_cmake_args': None, 'catkin_skip_building_tests': False, 'cmake_args': None, 'cmake_clean_cache': False, 'cmake_clean_first': False, 'cmake_force_configure': False, 'cmake_target': None, 'cmake_target_skip_unavailable': False, 'install_base': '/home/vicenzo/Documents/ros_px4_ws/install/px4_ros_com', 'merge_install': False, 'path': '/home/vicenzo/Documents/ros_px4_ws/src/px4_ros_com', 'symlink_install': False, 'test_result_base': None}
[0.689s] INFO:colcon.colcon_core.executor:Executing jobs using 'parallel' executor
[0.693s] DEBUG:colcon.colcon_parallel_executor.executor.parallel:run_until_complete
[0.693s] INFO:colcon.colcon_ros.task.ament_cmake.build:Building ROS package in '/home/vicenzo/Documents/ros_px4_ws/src/px4_msgs' with build type 'ament_cmake'
[0.695s] INFO:colcon.colcon_cmake.task.cmake.build:Building CMake package in '/home/vicenzo/Documents/ros_px4_ws/src/px4_msgs'
[0.701s] INFO:colcon.colcon_core.plugin_system:Skipping extension 'colcon_core.shell.bat': Not used on non-Windows systems
[0.701s] INFO:colcon.colcon_core.shell:Skip shell extension 'powershell' for command environment: Not usable outside of PowerShell
[0.701s] DEBUG:colcon.colcon_core.shell:Skip shell extension 'dsv' for command environment
[0.712s] DEBUG:colcon.colcon_core.event_handler.log_command:Invoking command in '/home/vicenzo/Documents/ros_px4_ws/build/px4_msgs': CMAKE_PREFIX_PATH=/opt/ros/humble /usr/bin/cmake --build /home/vicenzo/Documents/ros_px4_ws/build/px4_msgs -- -j4 -l4
[79.831s] DEBUG:colcon.colcon_core.event_handler.log_command:Invoked command in '/home/vicenzo/Documents/ros_px4_ws/build/px4_msgs' returned '0': CMAKE_PREFIX_PATH=/opt/ros/humble /usr/bin/cmake --build /home/vicenzo/Documents/ros_px4_ws/build/px4_msgs -- -j4 -l4
[79.843s] DEBUG:colcon.colcon_core.event_handler.log_command:Invoking command in '/home/vicenzo/Documents/ros_px4_ws/build/px4_msgs': CMAKE_PREFIX_PATH=/opt/ros/humble /usr/bin/cmake --install /home/vicenzo/Documents/ros_px4_ws/build/px4_msgs
[81.972s] Level 1:colcon.colcon_core.environment:create_environment_scripts_only(px4_msgs)
[81.972s] DEBUG:colcon.colcon_core.event_handler.log_command:Invoked command in '/home/vicenzo/Documents/ros_px4_ws/build/px4_msgs' returned '0': CMAKE_PREFIX_PATH=/opt/ros/humble /usr/bin/cmake --install /home/vicenzo/Documents/ros_px4_ws/build/px4_msgs
[81.983s] Level 1:colcon.colcon_core.environment:checking '/home/vicenzo/Documents/ros_px4_ws/install/px4_msgs' for CMake module files
[81.984s] Level 1:colcon.colcon_core.environment:checking '/home/vicenzo/Documents/ros_px4_ws/install/px4_msgs' for CMake config files
[81.990s] Level 1:colcon.colcon_core.shell:create_environment_hook('px4_msgs', 'cmake_prefix_path')
[81.990s] INFO:colcon.colcon_core.shell:Creating environment hook '/home/vicenzo/Documents/ros_px4_ws/install/px4_msgs/share/px4_msgs/hook/cmake_prefix_path.ps1'
[81.995s] INFO:colcon.colcon_core.shell:Creating environment descriptor '/home/vicenzo/Documents/ros_px4_ws/install/px4_msgs/share/px4_msgs/hook/cmake_prefix_path.dsv'
[81.996s] INFO:colcon.colcon_core.shell:Creating environment hook '/home/vicenzo/Documents/ros_px4_ws/install/px4_msgs/share/px4_msgs/hook/cmake_prefix_path.sh'
[81.997s] Level 1:colcon.colcon_core.environment:checking '/home/vicenzo/Documents/ros_px4_ws/install/px4_msgs/lib'
[81.997s] Level 1:colcon.colcon_core.shell:create_environment_hook('px4_msgs', 'ld_library_path_lib')
[81.997s] INFO:colcon.colcon_core.shell:Creating environment hook '/home/vicenzo/Documents/ros_px4_ws/install/px4_msgs/share/px4_msgs/hook/ld_library_path_lib.ps1'
[81.997s] INFO:colcon.colcon_core.shell:Creating environment descriptor '/home/vicenzo/Documents/ros_px4_ws/install/px4_msgs/share/px4_msgs/hook/ld_library_path_lib.dsv'
[81.997s] INFO:colcon.colcon_core.shell:Creating environment hook '/home/vicenzo/Documents/ros_px4_ws/install/px4_msgs/share/px4_msgs/hook/ld_library_path_lib.sh'
[81.998s] Level 1:colcon.colcon_core.environment:checking '/home/vicenzo/Documents/ros_px4_ws/install/px4_msgs/bin'
[81.998s] Level 1:colcon.colcon_core.environment:checking '/home/vicenzo/Documents/ros_px4_ws/install/px4_msgs/lib/pkgconfig/px4_msgs.pc'
[81.998s] Level 1:colcon.colcon_core.environment:checking '/home/vicenzo/Documents/ros_px4_ws/install/px4_msgs/lib/python3.10/site-packages'
[81.998s] Level 1:colcon.colcon_core.environment:checking '/home/vicenzo/Documents/ros_px4_ws/install/px4_msgs/bin'
[81.999s] INFO:colcon.colcon_core.shell:Creating package script '/home/vicenzo/Documents/ros_px4_ws/install/px4_msgs/share/px4_msgs/package.ps1'
[82.000s] INFO:colcon.colcon_core.shell:Creating package descriptor '/home/vicenzo/Documents/ros_px4_ws/install/px4_msgs/share/px4_msgs/package.dsv'
[82.000s] INFO:colcon.colcon_core.shell:Creating package script '/home/vicenzo/Documents/ros_px4_ws/install/px4_msgs/share/px4_msgs/package.sh'
[82.001s] INFO:colcon.colcon_core.shell:Creating package script '/home/vicenzo/Documents/ros_px4_ws/install/px4_msgs/share/px4_msgs/package.bash'
[82.003s] INFO:colcon.colcon_core.shell:Creating package script '/home/vicenzo/Documents/ros_px4_ws/install/px4_msgs/share/px4_msgs/package.zsh'
[82.004s] Level 1:colcon.colcon_core.environment:create_file_with_runtime_dependencies(/home/vicenzo/Documents/ros_px4_ws/install/px4_msgs/share/colcon-core/packages/px4_msgs)
[82.005s] Level 1:colcon.colcon_core.environment:create_environment_scripts_only(px4_msgs)
[82.005s] Level 1:colcon.colcon_core.environment:checking '/home/vicenzo/Documents/ros_px4_ws/install/px4_msgs' for CMake module files
[82.005s] Level 1:colcon.colcon_core.environment:checking '/home/vicenzo/Documents/ros_px4_ws/install/px4_msgs' for CMake config files
[82.011s] Level 1:colcon.colcon_core.shell:create_environment_hook('px4_msgs', 'cmake_prefix_path')
[82.011s] INFO:colcon.colcon_core.shell:Creating environment hook '/home/vicenzo/Documents/ros_px4_ws/install/px4_msgs/share/px4_msgs/hook/cmake_prefix_path.ps1'
[82.012s] INFO:colcon.colcon_core.shell:Creating environment descriptor '/home/vicenzo/Documents/ros_px4_ws/install/px4_msgs/share/px4_msgs/hook/cmake_prefix_path.dsv'
[82.012s] INFO:colcon.colcon_core.shell:Creating environment hook '/home/vicenzo/Documents/ros_px4_ws/install/px4_msgs/share/px4_msgs/hook/cmake_prefix_path.sh'
[82.012s] Level 1:colcon.colcon_core.environment:checking '/home/vicenzo/Documents/ros_px4_ws/install/px4_msgs/lib'
[82.013s] Level 1:colcon.colcon_core.shell:create_environment_hook('px4_msgs', 'ld_library_path_lib')
[82.013s] INFO:colcon.colcon_core.shell:Creating environment hook '/home/vicenzo/Documents/ros_px4_ws/install/px4_msgs/share/px4_msgs/hook/ld_library_path_lib.ps1'
[82.013s] INFO:colcon.colcon_core.shell:Creating environment descriptor '/home/vicenzo/Documents/ros_px4_ws/install/px4_msgs/share/px4_msgs/hook/ld_library_path_lib.dsv'
[82.013s] INFO:colcon.colcon_core.shell:Creating environment hook '/home/vicenzo/Documents/ros_px4_ws/install/px4_msgs/share/px4_msgs/hook/ld_library_path_lib.sh'
[82.014s] Level 1:colcon.colcon_core.environment:checking '/home/vicenzo/Documents/ros_px4_ws/install/px4_msgs/bin'
[82.014s] Level 1:colcon.colcon_core.environment:checking '/home/vicenzo/Documents/ros_px4_ws/install/px4_msgs/lib/pkgconfig/px4_msgs.pc'
[82.014s] Level 1:colcon.colcon_core.environment:checking '/home/vicenzo/Documents/ros_px4_ws/install/px4_msgs/lib/python3.10/site-packages'
[82.014s] Level 1:colcon.colcon_core.environment:checking '/home/vicenzo/Documents/ros_px4_ws/install/px4_msgs/bin'
[82.015s] INFO:colcon.colcon_core.shell:Creating package script '/home/vicenzo/Documents/ros_px4_ws/install/px4_msgs/share/px4_msgs/package.ps1'
[82.015s] INFO:colcon.colcon_core.shell:Creating package descriptor '/home/vicenzo/Documents/ros_px4_ws/install/px4_msgs/share/px4_msgs/package.dsv'
[82.015s] INFO:colcon.colcon_core.shell:Creating package script '/home/vicenzo/Documents/ros_px4_ws/install/px4_msgs/share/px4_msgs/package.sh'
[82.016s] INFO:colcon.colcon_core.shell:Creating package script '/home/vicenzo/Documents/ros_px4_ws/install/px4_msgs/share/px4_msgs/package.bash'
[82.016s] INFO:colcon.colcon_core.shell:Creating package script '/home/vicenzo/Documents/ros_px4_ws/install/px4_msgs/share/px4_msgs/package.zsh'
[82.017s] Level 1:colcon.colcon_core.environment:create_file_with_runtime_dependencies(/home/vicenzo/Documents/ros_px4_ws/install/px4_msgs/share/colcon-core/packages/px4_msgs)
[82.017s] INFO:colcon.colcon_ros.task.ament_cmake.build:Building ROS package in '/home/vicenzo/Documents/ros_px4_ws/src/px4_ros_com' with build type 'ament_cmake'
[82.017s] INFO:colcon.colcon_cmake.task.cmake.build:Building CMake package in '/home/vicenzo/Documents/ros_px4_ws/src/px4_ros_com'
[82.018s] INFO:colcon.colcon_core.shell:Skip shell extension 'powershell' for command environment: Not usable outside of PowerShell
[82.018s] DEBUG:colcon.colcon_core.shell:Skip shell extension 'dsv' for command environment
[82.026s] DEBUG:colcon.colcon_core.event_handler.log_command:Invoking command in '/home/vicenzo/Documents/ros_px4_ws/build/px4_ros_com': AMENT_PREFIX_PATH=/home/vicenzo/Documents/ros_px4_ws/install/px4_msgs:${AMENT_PREFIX_PATH} CMAKE_PREFIX_PATH=/home/vicenzo/Documents/ros_px4_ws/install/px4_msgs:/opt/ros/humble LD_LIBRARY_PATH=/home/vicenzo/Documents/ros_px4_ws/install/px4_msgs/lib:${LD_LIBRARY_PATH} PYTHONPATH=/home/vicenzo/Documents/ros_px4_ws/install/px4_msgs/local/lib/python3.10/dist-packages:${PYTHONPATH} /usr/bin/cmake /home/vicenzo/Documents/ros_px4_ws/src/px4_ros_com -DCMAKE_INSTALL_PREFIX=/home/vicenzo/Documents/ros_px4_ws/install/px4_ros_com
[83.603s] DEBUG:colcon.colcon_core.event_handler.log_command:Invoked command in '/home/vicenzo/Documents/ros_px4_ws/build/px4_ros_com' returned '0': AMENT_PREFIX_PATH=/home/vicenzo/Documents/ros_px4_ws/install/px4_msgs:${AMENT_PREFIX_PATH} CMAKE_PREFIX_PATH=/home/vicenzo/Documents/ros_px4_ws/install/px4_msgs:/opt/ros/humble LD_LIBRARY_PATH=/home/vicenzo/Documents/ros_px4_ws/install/px4_msgs/lib:${LD_LIBRARY_PATH} PYTHONPATH=/home/vicenzo/Documents/ros_px4_ws/install/px4_msgs/local/lib/python3.10/dist-packages:${PYTHONPATH} /usr/bin/cmake /home/vicenzo/Documents/ros_px4_ws/src/px4_ros_com -DCMAKE_INSTALL_PREFIX=/home/vicenzo/Documents/ros_px4_ws/install/px4_ros_com
[83.605s] DEBUG:colcon.colcon_core.event_handler.log_command:Invoking command in '/home/vicenzo/Documents/ros_px4_ws/build/px4_ros_com': AMENT_PREFIX_PATH=/home/vicenzo/Documents/ros_px4_ws/install/px4_msgs:${AMENT_PREFIX_PATH} CMAKE_PREFIX_PATH=/home/vicenzo/Documents/ros_px4_ws/install/px4_msgs:/opt/ros/humble LD_LIBRARY_PATH=/home/vicenzo/Documents/ros_px4_ws/install/px4_msgs/lib:${LD_LIBRARY_PATH} PYTHONPATH=/home/vicenzo/Documents/ros_px4_ws/install/px4_msgs/local/lib/python3.10/dist-packages:${PYTHONPATH} /usr/bin/cmake --build /home/vicenzo/Documents/ros_px4_ws/build/px4_ros_com -- -j4 -l4
[119.389s] DEBUG:colcon.colcon_core.event_handler.log_command:Invoked command in '/home/vicenzo/Documents/ros_px4_ws/build/px4_ros_com' returned '0': AMENT_PREFIX_PATH=/home/vicenzo/Documents/ros_px4_ws/install/px4_msgs:${AMENT_PREFIX_PATH} CMAKE_PREFIX_PATH=/home/vicenzo/Documents/ros_px4_ws/install/px4_msgs:/opt/ros/humble LD_LIBRARY_PATH=/home/vicenzo/Documents/ros_px4_ws/install/px4_msgs/lib:${LD_LIBRARY_PATH} PYTHONPATH=/home/vicenzo/Documents/ros_px4_ws/install/px4_msgs/local/lib/python3.10/dist-packages:${PYTHONPATH} /usr/bin/cmake --build /home/vicenzo/Documents/ros_px4_ws/build/px4_ros_com -- -j4 -l4
[119.393s] DEBUG:colcon.colcon_core.event_handler.log_command:Invoking command in '/home/vicenzo/Documents/ros_px4_ws/build/px4_ros_com': AMENT_PREFIX_PATH=/home/vicenzo/Documents/ros_px4_ws/install/px4_msgs:${AMENT_PREFIX_PATH} CMAKE_PREFIX_PATH=/home/vicenzo/Documents/ros_px4_ws/install/px4_msgs:/opt/ros/humble LD_LIBRARY_PATH=/home/vicenzo/Documents/ros_px4_ws/install/px4_msgs/lib:${LD_LIBRARY_PATH} PYTHONPATH=/home/vicenzo/Documents/ros_px4_ws/install/px4_msgs/local/lib/python3.10/dist-packages:${PYTHONPATH} /usr/bin/cmake --install /home/vicenzo/Documents/ros_px4_ws/build/px4_ros_com
[119.468s] Level 1:colcon.colcon_core.environment:create_environment_scripts_only(px4_ros_com)
[119.468s] DEBUG:colcon.colcon_core.event_handler.log_command:Invoked command in '/home/vicenzo/Documents/ros_px4_ws/build/px4_ros_com' returned '0': AMENT_PREFIX_PATH=/home/vicenzo/Documents/ros_px4_ws/install/px4_msgs:${AMENT_PREFIX_PATH} CMAKE_PREFIX_PATH=/home/vicenzo/Documents/ros_px4_ws/install/px4_msgs:/opt/ros/humble LD_LIBRARY_PATH=/home/vicenzo/Documents/ros_px4_ws/install/px4_msgs/lib:${LD_LIBRARY_PATH} PYTHONPATH=/home/vicenzo/Documents/ros_px4_ws/install/px4_msgs/local/lib/python3.10/dist-packages:${PYTHONPATH} /usr/bin/cmake --install /home/vicenzo/Documents/ros_px4_ws/build/px4_ros_com
[119.469s] Level 1:colcon.colcon_core.environment:checking '/home/vicenzo/Documents/ros_px4_ws/install/px4_ros_com' for CMake module files
[119.470s] Level 1:colcon.colcon_core.environment:checking '/home/vicenzo/Documents/ros_px4_ws/install/px4_ros_com' for CMake config files
[119.470s] Level 1:colcon.colcon_core.shell:create_environment_hook('px4_ros_com', 'cmake_prefix_path')
[119.471s] INFO:colcon.colcon_core.shell:Creating environment hook '/home/vicenzo/Documents/ros_px4_ws/install/px4_ros_com/share/px4_ros_com/hook/cmake_prefix_path.ps1'
[119.472s] INFO:colcon.colcon_core.shell:Creating environment descriptor '/home/vicenzo/Documents/ros_px4_ws/install/px4_ros_com/share/px4_ros_com/hook/cmake_prefix_path.dsv'
[119.472s] INFO:colcon.colcon_core.shell:Creating environment hook '/home/vicenzo/Documents/ros_px4_ws/install/px4_ros_com/share/px4_ros_com/hook/cmake_prefix_path.sh'
[119.473s] Level 1:colcon.colcon_core.environment:checking '/home/vicenzo/Documents/ros_px4_ws/install/px4_ros_com/lib'
[119.473s] Level 1:colcon.colcon_core.shell:create_environment_hook('px4_ros_com', 'ld_library_path_lib')
[119.473s] INFO:colcon.colcon_core.shell:Creating environment hook '/home/vicenzo/Documents/ros_px4_ws/install/px4_ros_com/share/px4_ros_com/hook/ld_library_path_lib.ps1'
[119.474s] INFO:colcon.colcon_core.shell:Creating environment descriptor '/home/vicenzo/Documents/ros_px4_ws/install/px4_ros_com/share/px4_ros_com/hook/ld_library_path_lib.dsv'
[119.474s] INFO:colcon.colcon_core.shell:Creating environment hook '/home/vicenzo/Documents/ros_px4_ws/install/px4_ros_com/share/px4_ros_com/hook/ld_library_path_lib.sh'
[119.474s] Level 1:colcon.colcon_core.environment:checking '/home/vicenzo/Documents/ros_px4_ws/install/px4_ros_com/bin'
[119.474s] Level 1:colcon.colcon_core.environment:checking '/home/vicenzo/Documents/ros_px4_ws/install/px4_ros_com/lib/pkgconfig/px4_ros_com.pc'
[119.475s] Level 1:colcon.colcon_core.environment:checking '/home/vicenzo/Documents/ros_px4_ws/install/px4_ros_com/lib/python3.10/site-packages'
[119.475s] Level 1:colcon.colcon_core.environment:checking '/home/vicenzo/Documents/ros_px4_ws/install/px4_ros_com/bin'
[119.475s] INFO:colcon.colcon_core.shell:Creating package script '/home/vicenzo/Documents/ros_px4_ws/install/px4_ros_com/share/px4_ros_com/package.ps1'
[119.477s] INFO:colcon.colcon_core.shell:Creating package descriptor '/home/vicenzo/Documents/ros_px4_ws/install/px4_ros_com/share/px4_ros_com/package.dsv'
[119.478s] INFO:colcon.colcon_core.shell:Creating package script '/home/vicenzo/Documents/ros_px4_ws/install/px4_ros_com/share/px4_ros_com/package.sh'
[119.479s] INFO:colcon.colcon_core.shell:Creating package script '/home/vicenzo/Documents/ros_px4_ws/install/px4_ros_com/share/px4_ros_com/package.bash'
[119.481s] INFO:colcon.colcon_core.shell:Creating package script '/home/vicenzo/Documents/ros_px4_ws/install/px4_ros_com/share/px4_ros_com/package.zsh'
[119.482s] Level 1:colcon.colcon_core.environment:create_file_with_runtime_dependencies(/home/vicenzo/Documents/ros_px4_ws/install/px4_ros_com/share/colcon-core/packages/px4_ros_com)
[119.483s] Level 1:colcon.colcon_core.environment:create_environment_scripts_only(px4_ros_com)
[119.484s] Level 1:colcon.colcon_core.environment:checking '/home/vicenzo/Documents/ros_px4_ws/install/px4_ros_com' for CMake module files
[119.484s] Level 1:colcon.colcon_core.environment:checking '/home/vicenzo/Documents/ros_px4_ws/install/px4_ros_com' for CMake config files
[119.484s] Level 1:colcon.colcon_core.shell:create_environment_hook('px4_ros_com', 'cmake_prefix_path')
[119.485s] INFO:colcon.colcon_core.shell:Creating environment hook '/home/vicenzo/Documents/ros_px4_ws/install/px4_ros_com/share/px4_ros_com/hook/cmake_prefix_path.ps1'
[119.485s] INFO:colcon.colcon_core.shell:Creating environment descriptor '/home/vicenzo/Documents/ros_px4_ws/install/px4_ros_com/share/px4_ros_com/hook/cmake_prefix_path.dsv'
[119.485s] INFO:colcon.colcon_core.shell:Creating environment hook '/home/vicenzo/Documents/ros_px4_ws/install/px4_ros_com/share/px4_ros_com/hook/cmake_prefix_path.sh'
[119.486s] Level 1:colcon.colcon_core.environment:checking '/home/vicenzo/Documents/ros_px4_ws/install/px4_ros_com/lib'
[119.486s] Level 1:colcon.colcon_core.shell:create_environment_hook('px4_ros_com', 'ld_library_path_lib')
[119.486s] INFO:colcon.colcon_core.shell:Creating environment hook '/home/vicenzo/Documents/ros_px4_ws/install/px4_ros_com/share/px4_ros_com/hook/ld_library_path_lib.ps1'
[119.487s] INFO:colcon.colcon_core.shell:Creating environment descriptor '/home/vicenzo/Documents/ros_px4_ws/install/px4_ros_com/share/px4_ros_com/hook/ld_library_path_lib.dsv'
[119.487s] INFO:colcon.colcon_core.shell:Creating environment hook '/home/vicenzo/Documents/ros_px4_ws/install/px4_ros_com/share/px4_ros_com/hook/ld_library_path_lib.sh'
[119.488s] Level 1:colcon.colcon_core.environment:checking '/home/vicenzo/Documents/ros_px4_ws/install/px4_ros_com/bin'
[119.488s] Level 1:colcon.colcon_core.environment:checking '/home/vicenzo/Documents/ros_px4_ws/install/px4_ros_com/lib/pkgconfig/px4_ros_com.pc'
[119.488s] Level 1:colcon.colcon_core.environment:checking '/home/vicenzo/Documents/ros_px4_ws/install/px4_ros_com/lib/python3.10/site-packages'
[119.488s] Level 1:colcon.colcon_core.environment:checking '/home/vicenzo/Documents/ros_px4_ws/install/px4_ros_com/bin'
[119.489s] INFO:colcon.colcon_core.shell:Creating package script '/home/vicenzo/Documents/ros_px4_ws/install/px4_ros_com/share/px4_ros_com/package.ps1'
[119.489s] INFO:colcon.colcon_core.shell:Creating package descriptor '/home/vicenzo/Documents/ros_px4_ws/install/px4_ros_com/share/px4_ros_com/package.dsv'
[119.490s] INFO:colcon.colcon_core.shell:Creating package script '/home/vicenzo/Documents/ros_px4_ws/install/px4_ros_com/share/px4_ros_com/package.sh'
[119.491s] INFO:colcon.colcon_core.shell:Creating package script '/home/vicenzo/Documents/ros_px4_ws/install/px4_ros_com/share/px4_ros_com/package.bash'
[119.491s] INFO:colcon.colcon_core.shell:Creating package script '/home/vicenzo/Documents/ros_px4_ws/install/px4_ros_com/share/px4_ros_com/package.zsh'
[119.492s] Level 1:colcon.colcon_core.environment:create_file_with_runtime_dependencies(/home/vicenzo/Documents/ros_px4_ws/install/px4_ros_com/share/colcon-core/packages/px4_ros_com)
[119.493s] DEBUG:colcon.colcon_parallel_executor.executor.parallel:closing loop
[119.493s] DEBUG:colcon.colcon_parallel_executor.executor.parallel:loop closed
[119.493s] DEBUG:colcon.colcon_parallel_executor.executor.parallel:run_until_complete finished with '0'
[119.494s] DEBUG:colcon.colcon_core.event_reactor:joining thread
[119.507s] INFO:colcon.colcon_core.plugin_system:Skipping extension 'colcon_notification.desktop_notification.terminal_notifier': Not used on non-Darwin systems
[119.507s] INFO:colcon.colcon_core.plugin_system:Skipping extension 'colcon_notification.desktop_notification.win32': Not used on non-Windows systems
[119.507s] INFO:colcon.colcon_notification.desktop_notification:Sending desktop notification using 'notify2'
[119.593s] DEBUG:colcon.colcon_core.event_reactor:joined thread
[119.593s] INFO:colcon.colcon_core.shell:Creating prefix script '/home/vicenzo/Documents/ros_px4_ws/install/local_setup.ps1'
[119.595s] INFO:colcon.colcon_core.shell:Creating prefix util module '/home/vicenzo/Documents/ros_px4_ws/install/_local_setup_util_ps1.py'
[119.598s] INFO:colcon.colcon_core.shell:Creating prefix chain script '/home/vicenzo/Documents/ros_px4_ws/install/setup.ps1'
[119.604s] INFO:colcon.colcon_core.shell:Creating prefix script '/home/vicenzo/Documents/ros_px4_ws/install/local_setup.sh'
[119.605s] INFO:colcon.colcon_core.shell:Creating prefix util module '/home/vicenzo/Documents/ros_px4_ws/install/_local_setup_util_sh.py'
[119.606s] INFO:colcon.colcon_core.shell:Creating prefix chain script '/home/vicenzo/Documents/ros_px4_ws/install/setup.sh'
[119.608s] INFO:colcon.colcon_core.shell:Creating prefix script '/home/vicenzo/Documents/ros_px4_ws/install/local_setup.bash'
[119.609s] INFO:colcon.colcon_core.shell:Creating prefix chain script '/home/vicenzo/Documents/ros_px4_ws/install/setup.bash'
[119.611s] INFO:colcon.colcon_core.shell:Creating prefix script '/home/vicenzo/Documents/ros_px4_ws/install/local_setup.zsh'
[119.612s] INFO:colcon.colcon_core.shell:Creating prefix chain script '/home/vicenzo/Documents/ros_px4_ws/install/setup.zsh'
